0 info it worked if it ends with ok
1 verbose cli [ 'c:\\Program Files\\nodejs\\node.exe',
1 verbose cli   'c:\\Program Files\\nodejs\\node_modules\\npm\\bin\\npm-cli.js',
1 verbose cli   'install' ]
2 info using npm@1.4.14
3 info using node@v0.10.29
4 verbose readDependencies using package.json deps
5 verbose install where, deps [ 'g:\\emidsProjects\\gitHub\\appAngJsForm',
5 verbose install   [ 'karma',
5 verbose install     'protractor',
5 verbose install     'http-server',
5 verbose install     'bower',
5 verbose install     'shelljs',
5 verbose install     'karma-junit-reporter' ] ]
6 info preinstall angular-seed@0.0.0
7 warn package.json karma-chrome-launcher@0.1.4 No README data
8 warn package.json karma-phantomjs-launcher@0.1.4 No README data
9 verbose readDependencies using package.json deps
10 verbose already installed skipping karma@~0.10 g:\emidsProjects\gitHub\appAngJsForm
11 verbose already installed skipping protractor@~0.20.1 g:\emidsProjects\gitHub\appAngJsForm
12 verbose already installed skipping http-server@^0.6.1 g:\emidsProjects\gitHub\appAngJsForm
13 verbose already installed skipping bower@^1.3.1 g:\emidsProjects\gitHub\appAngJsForm
14 verbose already installed skipping shelljs@^0.2.6 g:\emidsProjects\gitHub\appAngJsForm
15 verbose already installed skipping karma-junit-reporter@^0.2.2 g:\emidsProjects\gitHub\appAngJsForm
16 silly resolved []
17 info build g:\emidsProjects\gitHub\appAngJsForm
18 verbose linkStuff [ false, false, false, 'g:\\emidsProjects\\gitHub' ]
19 info linkStuff angular-seed@0.0.0
20 verbose linkBins angular-seed@0.0.0
21 verbose linkMans angular-seed@0.0.0
22 verbose rebuildBundles angular-seed@0.0.0
23 verbose rebuildBundles [ '.bin',
23 verbose rebuildBundles   'bower',
23 verbose rebuildBundles   'http-server',
23 verbose rebuildBundles   'karma',
23 verbose rebuildBundles   'karma-chrome-launcher',
23 verbose rebuildBundles   'karma-coffee-preprocessor',
23 verbose rebuildBundles   'karma-firefox-launcher',
23 verbose rebuildBundles   'karma-html2js-preprocessor',
23 verbose rebuildBundles   'karma-jasmine',
23 verbose rebuildBundles   'karma-junit-reporter',
23 verbose rebuildBundles   'karma-phantomjs-launcher',
23 verbose rebuildBundles   'karma-requirejs',
23 verbose rebuildBundles   'karma-script-launcher',
23 verbose rebuildBundles   'protractor',
23 verbose rebuildBundles   'requirejs',
23 verbose rebuildBundles   'shelljs' ]
24 verbose rebuild bundle g:\emidsProjects\gitHub\appAngJsForm\node_modules\karma-chrome-launcher
25 info build g:\emidsProjects\gitHub\appAngJsForm\node_modules\karma-chrome-launcher
26 info preinstall karma-chrome-launcher@0.1.4
27 verbose linkStuff [ false,
27 verbose linkStuff   false,
27 verbose linkStuff   false,
27 verbose linkStuff   'g:\\emidsProjects\\gitHub\\appAngJsForm\\node_modules' ]
28 info linkStuff karma-chrome-launcher@0.1.4
29 verbose linkBins karma-chrome-launcher@0.1.4
30 verbose linkMans karma-chrome-launcher@0.1.4
31 verbose rebuildBundles karma-chrome-launcher@0.1.4
32 info install karma-chrome-launcher@0.1.4
33 info postinstall karma-chrome-launcher@0.1.4
34 verbose rebuild bundle g:\emidsProjects\gitHub\appAngJsForm\node_modules\karma-coffee-preprocessor
35 info build g:\emidsProjects\gitHub\appAngJsForm\node_modules\karma-coffee-preprocessor
36 info preinstall karma-coffee-preprocessor@0.1.3
37 verbose linkStuff [ false,
37 verbose linkStuff   false,
37 verbose linkStuff   false,
37 verbose linkStuff   'g:\\emidsProjects\\gitHub\\appAngJsForm\\node_modules' ]
38 info linkStuff karma-coffee-preprocessor@0.1.3
39 verbose linkBins karma-coffee-preprocessor@0.1.3
40 verbose linkMans karma-coffee-preprocessor@0.1.3
41 verbose rebuildBundles karma-coffee-preprocessor@0.1.3
42 verbose rebuildBundles [ '.bin', 'coffee-script' ]
43 info install karma-coffee-preprocessor@0.1.3
44 info postinstall karma-coffee-preprocessor@0.1.3
45 verbose rebuild bundle g:\emidsProjects\gitHub\appAngJsForm\node_modules\karma-firefox-launcher
46 info build g:\emidsProjects\gitHub\appAngJsForm\node_modules\karma-firefox-launcher
47 info preinstall karma-firefox-launcher@0.1.3
48 verbose linkStuff [ false,
48 verbose linkStuff   false,
48 verbose linkStuff   false,
48 verbose linkStuff   'g:\\emidsProjects\\gitHub\\appAngJsForm\\node_modules' ]
49 info linkStuff karma-firefox-launcher@0.1.3
50 verbose linkBins karma-firefox-launcher@0.1.3
51 verbose linkMans karma-firefox-launcher@0.1.3
52 verbose rebuildBundles karma-firefox-launcher@0.1.3
53 info install karma-firefox-launcher@0.1.3
54 info postinstall karma-firefox-launcher@0.1.3
55 verbose rebuild bundle g:\emidsProjects\gitHub\appAngJsForm\node_modules\karma-html2js-preprocessor
56 info build g:\emidsProjects\gitHub\appAngJsForm\node_modules\karma-html2js-preprocessor
57 info preinstall karma-html2js-preprocessor@0.1.0
58 verbose linkStuff [ false,
58 verbose linkStuff   false,
58 verbose linkStuff   false,
58 verbose linkStuff   'g:\\emidsProjects\\gitHub\\appAngJsForm\\node_modules' ]
59 info linkStuff karma-html2js-preprocessor@0.1.0
60 verbose linkBins karma-html2js-preprocessor@0.1.0
61 verbose linkMans karma-html2js-preprocessor@0.1.0
62 verbose rebuildBundles karma-html2js-preprocessor@0.1.0
63 info install karma-html2js-preprocessor@0.1.0
64 info postinstall karma-html2js-preprocessor@0.1.0
65 verbose rebuild bundle g:\emidsProjects\gitHub\appAngJsForm\node_modules\karma-jasmine
66 info build g:\emidsProjects\gitHub\appAngJsForm\node_modules\karma-jasmine
67 info preinstall karma-jasmine@0.1.5
68 verbose linkStuff [ false,
68 verbose linkStuff   false,
68 verbose linkStuff   false,
68 verbose linkStuff   'g:\\emidsProjects\\gitHub\\appAngJsForm\\node_modules' ]
69 info linkStuff karma-jasmine@0.1.5
70 verbose linkBins karma-jasmine@0.1.5
71 verbose linkMans karma-jasmine@0.1.5
72 verbose rebuildBundles karma-jasmine@0.1.5
73 info install karma-jasmine@0.1.5
74 info postinstall karma-jasmine@0.1.5
75 verbose rebuild bundle g:\emidsProjects\gitHub\appAngJsForm\node_modules\karma-phantomjs-launcher
76 info build g:\emidsProjects\gitHub\appAngJsForm\node_modules\karma-phantomjs-launcher
77 info preinstall karma-phantomjs-launcher@0.1.4
78 verbose linkStuff [ false,
78 verbose linkStuff   false,
78 verbose linkStuff   false,
78 verbose linkStuff   'g:\\emidsProjects\\gitHub\\appAngJsForm\\node_modules' ]
79 info linkStuff karma-phantomjs-launcher@0.1.4
80 verbose linkBins karma-phantomjs-launcher@0.1.4
81 verbose linkMans karma-phantomjs-launcher@0.1.4
82 verbose rebuildBundles karma-phantomjs-launcher@0.1.4
83 verbose rebuildBundles [ '.bin', 'phantomjs' ]
84 info install karma-phantomjs-launcher@0.1.4
85 info postinstall karma-phantomjs-launcher@0.1.4
86 verbose rebuild bundle g:\emidsProjects\gitHub\appAngJsForm\node_modules\karma-requirejs
87 info build g:\emidsProjects\gitHub\appAngJsForm\node_modules\karma-requirejs
88 info preinstall karma-requirejs@0.2.2
89 verbose linkStuff [ false,
89 verbose linkStuff   false,
89 verbose linkStuff   false,
89 verbose linkStuff   'g:\\emidsProjects\\gitHub\\appAngJsForm\\node_modules' ]
90 info linkStuff karma-requirejs@0.2.2
91 verbose linkBins karma-requirejs@0.2.2
92 verbose linkMans karma-requirejs@0.2.2
93 verbose rebuildBundles karma-requirejs@0.2.2
94 info install karma-requirejs@0.2.2
95 info postinstall karma-requirejs@0.2.2
96 verbose rebuild bundle g:\emidsProjects\gitHub\appAngJsForm\node_modules\karma-script-launcher
97 info build g:\emidsProjects\gitHub\appAngJsForm\node_modules\karma-script-launcher
98 info preinstall karma-script-launcher@0.1.0
99 verbose linkStuff [ false,
99 verbose linkStuff   false,
99 verbose linkStuff   false,
99 verbose linkStuff   'g:\\emidsProjects\\gitHub\\appAngJsForm\\node_modules' ]
100 info linkStuff karma-script-launcher@0.1.0
101 verbose linkBins karma-script-launcher@0.1.0
102 verbose linkMans karma-script-launcher@0.1.0
103 verbose rebuildBundles karma-script-launcher@0.1.0
104 info install karma-script-launcher@0.1.0
105 info postinstall karma-script-launcher@0.1.0
106 verbose rebuild bundle g:\emidsProjects\gitHub\appAngJsForm\node_modules\requirejs
107 info build g:\emidsProjects\gitHub\appAngJsForm\node_modules\requirejs
108 info preinstall requirejs@2.1.14
109 verbose linkStuff [ false,
109 verbose linkStuff   false,
109 verbose linkStuff   false,
109 verbose linkStuff   'g:\\emidsProjects\\gitHub\\appAngJsForm\\node_modules' ]
110 info linkStuff requirejs@2.1.14
111 verbose linkBins requirejs@2.1.14
112 verbose link bins [ { 'r.js': './bin/r.js' },
112 verbose link bins   'g:\\emidsProjects\\gitHub\\appAngJsForm\\node_modules\\.bin',
112 verbose link bins   false ]
113 verbose linkMans requirejs@2.1.14
114 verbose rebuildBundles requirejs@2.1.14
115 info install requirejs@2.1.14
116 info postinstall requirejs@2.1.14
117 info install angular-seed@0.0.0
118 info postinstall angular-seed@0.0.0
119 verbose unsafe-perm in lifecycle true
120 info angular-seed@0.0.0 Failed to exec postinstall script
121 error angular-seed@0.0.0 postinstall: `bower install`
121 error Exit status 1
122 error Failed at the angular-seed@0.0.0 postinstall script.
122 error This is most likely a problem with the angular-seed package,
122 error not with npm itself.
122 error Tell the author that this fails on your system:
122 error     bower install
122 error You can get their info via:
122 error     npm owner ls angular-seed
122 error There is likely additional logging output above.
123 error System Windows_NT 6.2.9200
124 error command "c:\\Program Files\\nodejs\\node.exe" "c:\\Program Files\\nodejs\\node_modules\\npm\\bin\\npm-cli.js" "install"
125 error cwd g:\emidsProjects\gitHub\appAngJsForm\app
126 error node -v v0.10.29
127 error npm -v 1.4.14
128 error code ELIFECYCLE
129 verbose exit [ 1, true ]
